{
  "RSpec": {
    "coverage": {
      "/home/tkt/tic-tac-toe-rb-online-web-sp-000/lib/tic_tac_toe.rb": [
        1,
        null,
        1,
        12,
        12,
        12,
        12,
        12,
        null,
        null,
        1,
        13,
        null,
        null,
        1,
        13,
        null,
        null,
        1,
        15,
        12,
        null,
        3,
        null,
        null,
        null,
        1,
        13,
        2,
        11,
        10,
        null,
        1,
        null,
        null,
        null,
        1,
        10,
        10,
        10,
        10,
        1,
        null,
        10,
        10,
        null,
        null,
        1,
        12,
        108,
        null,
        null,
        null,
        1,
        11,
        8,
        null,
        3,
        null,
        null,
        null,
        1,
        24,
        177,
        null,
        null,
        null,
        1,
        7,
        42,
        null,
        null,
        null,
        1,
        7,
        null,
        null,
        1,
        5,
        4,
        null,
        1,
        null,
        null,
        null,
        1,
        11,
        2,
        null,
        null,
        null,
        1,
        5,
        1,
        null,
        4,
        4,
        null,
        null,
        null,
        null,
        1,
        12,
        5,
        null,
        7,
        7,
        null,
        null,
        null,
        null,
        null,
        null,
        null
      ]
    },
    "timestamp": 1578110813
  }
}
