{
  "RSpec": {
    "coverage": {
      "/home/tkt/tic-tac-toe-rb-online-web-sp-000/lib/tic_tac_toe.rb": [
        1,
        null,
        1,
        24,
        24,
        24,
        24,
        24,
        null,
        null,
        1,
        22,
        null,
        null,
        1,
        22,
        null,
        null,
        1,
        24,
        21,
        null,
        3,
        null,
        null,
        null,
        1,
        22,
        2,
        20,
        19,
        null,
        1,
        null,
        null,
        null,
        1,
        22,
        22,
        19,
        19,
        1,
        null,
        19,
        19,
        null,
        null,
        1,
        21,
        189,
        null,
        null,
        null,
        1,
        20,
        13,
        null,
        7,
        null,
        null,
        null,
        1,
        64,
        497,
        null,
        null,
        null,
        1,
        33,
        154,
        null,
        null,
        null,
        1,
        19,
        null,
        null,
        1,
        23,
        8,
        null,
        15,
        null,
        null,
        null,
        1,
        19,
        4,
        null,
        null,
        null,
        1,
        0,
        0,
        null,
        0,
        null,
        null,
        null,
        1,
        21,
        16,
        null,
        16,
        2,
        null,
        14,
        null,
        16,
        9,
        null,
        null,
        null,
        null,
        null,
        null,
        null,
        null,
        null,
        null,
        null,
        null
      ]
    },
    "timestamp": 1578108881
  }
}
